<?xml version="1.0" encoding="UTF-8"?>
<testng-results ignored="0" total="1" passed="1" failed="0" skipped="0">
  <reporter-output>
  </reporter-output>
  <suite started-at="2023-11-29T16:17:22 IST" name="Default suite" finished-at="2023-11-29T16:18:39 IST" duration-ms="76091">
    <groups>
      <group name="smoketest">
        <method signature="Class2_test.data()[pri:0, instance:project1.Class2_test@52b1beb6]" name="data" class="project1.Class2_test"/>
      </group> <!-- smoketest -->
    </groups>
    <test started-at="2023-11-29T16:17:22 IST" name="Default test" finished-at="2023-11-29T16:18:39 IST" duration-ms="76091">
      <class name="project1.Class2_test">
        <test-method signature="data()[pri:0, instance:project1.Class2_test@52b1beb6]" started-at="2023-11-29T16:17:23 IST" name="data" finished-at="2023-11-29T16:18:39 IST" duration-ms="76018" status="PASS">
          <reporter-output>
          </reporter-output>
        </test-method> <!-- data -->
      </class> <!-- project1.Class2_test -->
    </test> <!-- Default test -->
  </suite> <!-- Default suite -->
</testng-results>
